+--------------------------------------------------------------------------------------------------------------+
| ?experiment                                                                                                  |
|                                        <http://bloodprogram.hsci.harvard.edu/bioassay/fetal-ksl-cells-rep-1> |
|                                        <http://bloodprogram.hsci.harvard.edu/bioassay/fetal-ksl-cells-rep-2> |
|                                        <http://bloodprogram.hsci.harvard.edu/bioassay/fetal-ksl-cells-rep-3> |
|                                      <http://bloodprogram.hsci.harvard.edu/bioassay/fetal-ksl-cells-rep-1-0> |
|                                      <http://bloodprogram.hsci.harvard.edu/bioassay/fetal-ksl-cells-rep-2-0> |
|                                      <http://bloodprogram.hsci.harvard.edu/bioassay/fetal-ksl-cells-rep-3-0> |
|                                      <http://bloodprogram.hsci.harvard.edu/bioassay/lt-hsc-lt-hsc-ctl-rep-1> |
|                                      <http://bloodprogram.hsci.harvard.edu/bioassay/lt-hsc-lt-hsc-ctl-rep-2> |
|                                       <http://bloodprogram.hsci.harvard.edu/bioassay/lt-hsc-lt-hsc-ko-rep-1> |
|                                       <http://bloodprogram.hsci.harvard.edu/bioassay/lt-hsc-lt-hsc-ko-rep-2> |
|                                      <http://bloodprogram.hsci.harvard.edu/bioassay/st-hsc-st-hsc-ctl-rep-1> |
|                                      <http://bloodprogram.hsci.harvard.edu/bioassay/st-hsc-st-hsc-ctl-rep-2> |
|                                           <http://bloodprogram.hsci.harvard.edu/bioassay/st-hsc-st-hsc-ko-1> |
|                                       <http://bloodprogram.hsci.harvard.edu/bioassay/st-hsc-st-hsc-ko-rep-2> |
|                                  <http://bloodprogram.hsci.harvard.edu/bioassay/mac1c-kit-progenitors-rep-3> |
|                                  <http://bloodprogram.hsci.harvard.edu/bioassay/mac1c-kit-progenitors-rep-1> |
|                                  <http://bloodprogram.hsci.harvard.edu/bioassay/mac1c-kit-progenitors-rep-2> |
|                                <http://bloodprogram.hsci.harvard.edu/bioassay/mac1c-kit-progenitors-rep-3-0> |
|                                <http://bloodprogram.hsci.harvard.edu/bioassay/mac1c-kit-progenitors-rep-2-0> |
|                                <http://bloodprogram.hsci.harvard.edu/bioassay/mac1c-kit-progenitors-rep-1-0> |
|                                           <http://bloodprogram.hsci.harvard.edu/bioassay/sorted-cells-rep-3> |
|                                           <http://bloodprogram.hsci.harvard.edu/bioassay/sorted-cells-rep-2> |
|                                           <http://bloodprogram.hsci.harvard.edu/bioassay/sorted-cells-rep-1> |
|                                         <http://bloodprogram.hsci.harvard.edu/bioassay/sorted-cells-rep-2-0> |
|                                         <http://bloodprogram.hsci.harvard.edu/bioassay/sorted-cells-rep-1-0> |
|                                         <http://bloodprogram.hsci.harvard.edu/bioassay/whole-embryo-rep-2-7> |
|                                         <http://bloodprogram.hsci.harvard.edu/bioassay/whole-embryo-rep-1-8> |
|                                         <http://bloodprogram.hsci.harvard.edu/bioassay/whole-embryo-rep-2-8> |
|                                         <http://bloodprogram.hsci.harvard.edu/bioassay/whole-embryo-rep-1-9> |
|                                         <http://bloodprogram.hsci.harvard.edu/bioassay/whole-embryo-rep-3-4> |
|                                         <http://bloodprogram.hsci.harvard.edu/bioassay/whole-embryo-rep-1-3> |
|                                         <http://bloodprogram.hsci.harvard.edu/bioassay/whole-embryo-rep-2-2> |
|                                         <http://bloodprogram.hsci.harvard.edu/bioassay/whole-embryo-rep-3-3> |
|                                         <http://bloodprogram.hsci.harvard.edu/bioassay/whole-embryo-rep-2-6> |
|                                         <http://bloodprogram.hsci.harvard.edu/bioassay/whole-embryo-rep-1-7> |
|                                          <http://bloodprogram.hsci.harvard.edu/bioassay/whole-adult-rep-2-0> |
|                                          <http://bloodprogram.hsci.harvard.edu/bioassay/whole-adult-rep-1-0> |
|                                            <http://bloodprogram.hsci.harvard.edu/bioassay/whole-adult-rep-2> |
|                                            <http://bloodprogram.hsci.harvard.edu/bioassay/whole-adult-rep-1> |
|                                        <http://bloodprogram.hsci.harvard.edu/bioassay/whole-adult-treated-2> |
|                                        <http://bloodprogram.hsci.harvard.edu/bioassay/whole-adult-treated-1> |
|                                      <http://bloodprogram.hsci.harvard.edu/bioassay/whole-adult-untreated-2> |
|                                      <http://bloodprogram.hsci.harvard.edu/bioassay/whole-adult-untreated-1> |
|                                             <http://bloodprogram.hsci.harvard.edu/bioassay/lt-hsc-old-rep-5> |
|                                             <http://bloodprogram.hsci.harvard.edu/bioassay/lt-hsc-old-rep-3> |
|                                             <http://bloodprogram.hsci.harvard.edu/bioassay/lt-hsc-old-rep-4> |
|                                             <http://bloodprogram.hsci.harvard.edu/bioassay/lt-hsc-old-rep-1> |
|                                             <http://bloodprogram.hsci.harvard.edu/bioassay/lt-hsc-old-rep-2> |
|                                           <http://bloodprogram.hsci.harvard.edu/bioassay/lt-hsc-young-rep-3> |
|                                           <http://bloodprogram.hsci.harvard.edu/bioassay/lt-hsc-young-rep-2> |
|                                           <http://bloodprogram.hsci.harvard.edu/bioassay/lt-hsc-young-rep-1> |
|                                              <http://bloodprogram.hsci.harvard.edu/bioassay/mep-cells-rep-1> |
|                                              <http://bloodprogram.hsci.harvard.edu/bioassay/mep-cells-rep-4> |
|                                              <http://bloodprogram.hsci.harvard.edu/bioassay/mep-cells-rep-3> |
|                                                  <http://bloodprogram.hsci.harvard.edu/bioassay/l-gmp-rep-1> |
|                                                  <http://bloodprogram.hsci.harvard.edu/bioassay/l-gmp-rep-2> |
|                                                  <http://bloodprogram.hsci.harvard.edu/bioassay/l-gmp-rep-3> |
|                                                  <http://bloodprogram.hsci.harvard.edu/bioassay/l-gmp-rep-4> |
|                                                  <http://bloodprogram.hsci.harvard.edu/bioassay/l-gmp-rep-5> |
|                                                  <http://bloodprogram.hsci.harvard.edu/bioassay/l-gmp-rep-6> |
|                                              <http://bloodprogram.hsci.harvard.edu/bioassay/hsc-cells-rep-2> |
|                                              <http://bloodprogram.hsci.harvard.edu/bioassay/hsc-cells-rep-3> |
|                                              <http://bloodprogram.hsci.harvard.edu/bioassay/hsc-cells-rep-4> |
|                                              <http://bloodprogram.hsci.harvard.edu/bioassay/hsc-cells-rep-5> |
|                                              <http://bloodprogram.hsci.harvard.edu/bioassay/hsc-cells-rep-6> |
|                                              <http://bloodprogram.hsci.harvard.edu/bioassay/gmp-cells-rep-1> |
|                                              <http://bloodprogram.hsci.harvard.edu/bioassay/gmp-cells-rep-2> |
|                                              <http://bloodprogram.hsci.harvard.edu/bioassay/gmp-cells-rep-3> |
|                                              <http://bloodprogram.hsci.harvard.edu/bioassay/gmp-cells-rep-4> |
|                                              <http://bloodprogram.hsci.harvard.edu/bioassay/cmp-cells-rep-4> |
|                                              <http://bloodprogram.hsci.harvard.edu/bioassay/cmp-cells-rep-3> |
|                                              <http://bloodprogram.hsci.harvard.edu/bioassay/cmp-cells-rep-1> |
|                                              <http://bloodprogram.hsci.harvard.edu/bioassay/cmp-cells-rep-2> |
|                                        <http://bloodprogram.hsci.harvard.edu/bioassay/whole-embryo-rep-1-11> |
|                                         <http://bloodprogram.hsci.harvard.edu/bioassay/whole-embryo-rep-3-5> |
|                                        <http://bloodprogram.hsci.harvard.edu/bioassay/whole-embryo-rep-2-11> |
|                                        <http://bloodprogram.hsci.harvard.edu/bioassay/whole-embryo-rep-1-12> |
|                                         <http://bloodprogram.hsci.harvard.edu/bioassay/whole-embryo-rep-3-6> |
|                                        <http://bloodprogram.hsci.harvard.edu/bioassay/whole-embryo-rep-2-12> |
|                                        <http://bloodprogram.hsci.harvard.edu/bioassay/whole-embryo-rep-2-13> |
|                                        <http://bloodprogram.hsci.harvard.edu/bioassay/whole-embryo-rep-1-13> |
|                                        <http://bloodprogram.hsci.harvard.edu/bioassay/whole-embryo-rep-2-14> |
|                                        <http://bloodprogram.hsci.harvard.edu/bioassay/whole-embryo-rep-1-14> |
|                                        <http://bloodprogram.hsci.harvard.edu/bioassay/whole-embryo-rep-2-15> |
|                                          <http://bloodprogram.hsci.harvard.edu/bioassay/whole-embryo-rep-3z> |
|                                        <http://bloodprogram.hsci.harvard.edu/bioassay/whole-embryo-rep-1-15> |
|                                        <http://bloodprogram.hsci.harvard.edu/bioassay/whole-embryo-rep-2-16> |
|                                         <http://bloodprogram.hsci.harvard.edu/bioassay/whole-embryo-rep-3-7> |
|                                        <http://bloodprogram.hsci.harvard.edu/bioassay/whole-embryo-rep-1-16> |
|                                        <http://bloodprogram.hsci.harvard.edu/bioassay/whole-embryo-rep-2-17> |
|                                         <http://bloodprogram.hsci.harvard.edu/bioassay/whole-embryo-rep-3-8> |
|                                        <http://bloodprogram.hsci.harvard.edu/bioassay/whole-embryo-rep-1-17> |
|                                        <http://bloodprogram.hsci.harvard.edu/bioassay/whole-embryo-rep-2-18> |
|                                        <http://bloodprogram.hsci.harvard.edu/bioassay/whole-embryo-rep-1-18> |
|                                         <http://bloodprogram.hsci.harvard.edu/bioassay/whole-embryo-rep-3-9> |
|                                         <http://bloodprogram.hsci.harvard.edu/bioassay/sorted-cells-rep-1-1> |
|                                         <http://bloodprogram.hsci.harvard.edu/bioassay/sorted-cells-rep-2-1> |
|                                         <http://bloodprogram.hsci.harvard.edu/bioassay/sorted-cells-rep-3-0> |
|                                           <http://bloodprogram.hsci.harvard.edu/bioassay/sorted-cells-rep-4> |
|                                           <http://bloodprogram.hsci.harvard.edu/bioassay/sorted-cells-rep-5> |
|                                         <http://bloodprogram.hsci.harvard.edu/bioassay/sorted-cells-rep-5-0> |
|                                         <http://bloodprogram.hsci.harvard.edu/bioassay/sorted-cells-rep-4-0> |
|                                         <http://bloodprogram.hsci.harvard.edu/bioassay/sorted-cells-rep-3-1> |
|                                         <http://bloodprogram.hsci.harvard.edu/bioassay/sorted-cells-rep-2-2> |
|                                         <http://bloodprogram.hsci.harvard.edu/bioassay/sorted-cells-rep-1-2> |
|                                        <http://bloodprogram.hsci.harvard.edu/bioassay/whole-embryo-rep-3-10> |
|                                        <http://bloodprogram.hsci.harvard.edu/bioassay/whole-embryo-rep-2-19> |
|                                        <http://bloodprogram.hsci.harvard.edu/bioassay/whole-embryo-rep-1-19> |
|                                        <http://bloodprogram.hsci.harvard.edu/bioassay/whole-embryo-rep-3-11> |
|                                        <http://bloodprogram.hsci.harvard.edu/bioassay/whole-embryo-rep-2-20> |
|                                        <http://bloodprogram.hsci.harvard.edu/bioassay/whole-embryo-rep-1-20> |
|                                        <http://bloodprogram.hsci.harvard.edu/bioassay/whole-embryo-rep-3-12> |
|                                        <http://bloodprogram.hsci.harvard.edu/bioassay/whole-embryo-rep-2-21> |
|                                        <http://bloodprogram.hsci.harvard.edu/bioassay/whole-embryo-rep-1-21> |
|                                        <http://bloodprogram.hsci.harvard.edu/bioassay/whole-embryo-rep-3-13> |
|                                        <http://bloodprogram.hsci.harvard.edu/bioassay/whole-embryo-rep-2-22> |
|                                        <http://bloodprogram.hsci.harvard.edu/bioassay/whole-embryo-rep-1-22> |
|                                        <http://bloodprogram.hsci.harvard.edu/bioassay/whole-embryo-rep-2-23> |
|                                        <http://bloodprogram.hsci.harvard.edu/bioassay/whole-embryo-rep-1-23> |
|                                        <http://bloodprogram.hsci.harvard.edu/bioassay/whole-embryo-rep-3-14> |
|                                        <http://bloodprogram.hsci.harvard.edu/bioassay/whole-embryo-rep-3-15> |
|                                        <http://bloodprogram.hsci.harvard.edu/bioassay/whole-embryo-rep-2-24> |
|                                        <http://bloodprogram.hsci.harvard.edu/bioassay/whole-embryo-rep-1-24> |
|                                                 <http://bloodprogram.hsci.harvard.edu/bioassay/lt-hsc-rep-3> |
|                                                 <http://bloodprogram.hsci.harvard.edu/bioassay/lt-hsc-rep-2> |
|                                                 <http://bloodprogram.hsci.harvard.edu/bioassay/lt-hsc-rep-1> |
|                                               <http://bloodprogram.hsci.harvard.edu/bioassay/lt-hsc-rep-3-0> |
|                                               <http://bloodprogram.hsci.harvard.edu/bioassay/lt-hsc-rep-2-0> |
|                                               <http://bloodprogram.hsci.harvard.edu/bioassay/lt-hsc-rep-1-0> |
|                                        <http://bloodprogram.hsci.harvard.edu/bioassay/whole-embryo-rep-1-25> |
|                                        <http://bloodprogram.hsci.harvard.edu/bioassay/whole-embryo-rep-2-25> |
|                                        <http://bloodprogram.hsci.harvard.edu/bioassay/whole-embryo-rep-2-26> |
|                                        <http://bloodprogram.hsci.harvard.edu/bioassay/whole-embryo-rep-1-26> |
|                                         <http://bloodprogram.hsci.harvard.edu/bioassay/sorted-cells-rep-4-1> |
|                                         <http://bloodprogram.hsci.harvard.edu/bioassay/sorted-cells-rep-3-2> |
|                                         <http://bloodprogram.hsci.harvard.edu/bioassay/sorted-cells-rep-2-3> |
|                                         <http://bloodprogram.hsci.harvard.edu/bioassay/sorted-cells-rep-1-3> |
|                                         <http://bloodprogram.hsci.harvard.edu/bioassay/sorted-cells-rep-4-2> |
|                                         <http://bloodprogram.hsci.harvard.edu/bioassay/sorted-cells-rep-3-3> |
|                                         <http://bloodprogram.hsci.harvard.edu/bioassay/sorted-cells-rep-2-4> |
|                                         <http://bloodprogram.hsci.harvard.edu/bioassay/sorted-cells-rep-1-4> |
|                                         <http://bloodprogram.hsci.harvard.edu/bioassay/sorted-cells-rep-4-3> |
|                                         <http://bloodprogram.hsci.harvard.edu/bioassay/sorted-cells-rep-3-4> |
|                                         <http://bloodprogram.hsci.harvard.edu/bioassay/sorted-cells-rep-2-5> |
|                                         <http://bloodprogram.hsci.harvard.edu/bioassay/sorted-cells-rep-1-5> |
|                                         <http://bloodprogram.hsci.harvard.edu/bioassay/sorted-cells-rep-4-4> |
|                                         <http://bloodprogram.hsci.harvard.edu/bioassay/sorted-cells-rep-3-5> |
|                                         <http://bloodprogram.hsci.harvard.edu/bioassay/sorted-cells-rep-2-6> |
|                                         <http://bloodprogram.hsci.harvard.edu/bioassay/sorted-cells-rep-1-6> |
|                                         <http://bloodprogram.hsci.harvard.edu/bioassay/sorted-cells-rep-3-6> |
|                                         <http://bloodprogram.hsci.harvard.edu/bioassay/sorted-cells-rep-2-7> |
|                                         <http://bloodprogram.hsci.harvard.edu/bioassay/sorted-cells-rep-1-7> |
|                                         <http://bloodprogram.hsci.harvard.edu/bioassay/sorted-cells-rep-3-7> |
|                                         <http://bloodprogram.hsci.harvard.edu/bioassay/sorted-cells-rep-2-8> |
|                                         <http://bloodprogram.hsci.harvard.edu/bioassay/sorted-cells-rep-1-8> |
|                                        <http://bloodprogram.hsci.harvard.edu/bioassay/whole-embryo-rep-3-16> |
|                                        <http://bloodprogram.hsci.harvard.edu/bioassay/whole-embryo-rep-2-27> |
|                                        <http://bloodprogram.hsci.harvard.edu/bioassay/whole-embryo-rep-1-27> |
|                                        <http://bloodprogram.hsci.harvard.edu/bioassay/whole-embryo-rep-3-17> |
|                                        <http://bloodprogram.hsci.harvard.edu/bioassay/whole-embryo-rep-2-28> |
|                                        <http://bloodprogram.hsci.harvard.edu/bioassay/whole-embryo-rep-1-28> |
|                                        <http://bloodprogram.hsci.harvard.edu/bioassay/whole-embryo-rep-3-18> |
|                                        <http://bloodprogram.hsci.harvard.edu/bioassay/whole-embryo-rep-2-29> |
|                                        <http://bloodprogram.hsci.harvard.edu/bioassay/whole-embryo-rep-1-29> |
|                                        <http://bloodprogram.hsci.harvard.edu/bioassay/whole-embryo-rep-2-30> |
|                                        <http://bloodprogram.hsci.harvard.edu/bioassay/whole-embryo-rep-3-19> |
|                                        <http://bloodprogram.hsci.harvard.edu/bioassay/whole-embryo-rep-1-30> |
|                                               <http://bloodprogram.hsci.harvard.edu/bioassay/lt-hsc-rep-2-1> |
|                                               <http://bloodprogram.hsci.harvard.edu/bioassay/lt-hsc-rep-1-1> |
|                                                    <http://bloodprogram.hsci.harvard.edu/bioassay/mpp-rep-2> |
|                                                    <http://bloodprogram.hsci.harvard.edu/bioassay/mpp-rep-1> |
|                                                 <http://bloodprogram.hsci.harvard.edu/bioassay/st-hsc-rep-2> |
|                                                 <http://bloodprogram.hsci.harvard.edu/bioassay/st-hsc-rep-1> |
|                                               <http://bloodprogram.hsci.harvard.edu/bioassay/lt-hsc-rep-2-2> |
|                                               <http://bloodprogram.hsci.harvard.edu/bioassay/lt-hsc-rep-1-2> |
|                                                 <http://bloodprogram.hsci.harvard.edu/bioassay/st-hsc-rep-3> |
|                                               <http://bloodprogram.hsci.harvard.edu/bioassay/st-hsc-rep-2-0> |
|                                               <http://bloodprogram.hsci.harvard.edu/bioassay/st-hsc-rep-1-0> |
|                                                    <http://bloodprogram.hsci.harvard.edu/bioassay/hsc-rep-3> |
|                                                    <http://bloodprogram.hsci.harvard.edu/bioassay/hsc-rep-2> |
|                                                    <http://bloodprogram.hsci.harvard.edu/bioassay/hsc-rep-1> |
|                                                  <http://bloodprogram.hsci.harvard.edu/bioassay/hsc-rep-3-0> |
|                                                  <http://bloodprogram.hsci.harvard.edu/bioassay/hsc-rep-2-0> |
|                                                  <http://bloodprogram.hsci.harvard.edu/bioassay/hsc-rep-1-0> |
|                                                    <http://bloodprogram.hsci.harvard.edu/bioassay/cmp-rep-3> |
|                                                    <http://bloodprogram.hsci.harvard.edu/bioassay/cmp-rep-2> |
|                                                    <http://bloodprogram.hsci.harvard.edu/bioassay/cmp-rep-1> |
|                                                  <http://bloodprogram.hsci.harvard.edu/bioassay/cmp-rep-3-0> |
|                                                  <http://bloodprogram.hsci.harvard.edu/bioassay/cmp-rep-2-0> |
|                                                  <http://bloodprogram.hsci.harvard.edu/bioassay/cmp-rep-1-0> |
|                                       <http://bloodprogram.hsci.harvard.edu/bioassay/lt-hscs-ko-lt-hsc-rep1> |
|                                       <http://bloodprogram.hsci.harvard.edu/bioassay/lt-hscs-ko-lt-hsc-rep2> |
|                                             <http://bloodprogram.hsci.harvard.edu/bioassay/mpps-ko-mpp-rep1> |
|                                             <http://bloodprogram.hsci.harvard.edu/bioassay/mpps-ko-mpp-rep2> |
|               <http://bloodprogram.hsci.harvard.edu/bioassay/myeloid-progenitors-ko-myeloid-progenitor-rep1> |
|               <http://bloodprogram.hsci.harvard.edu/bioassay/myeloid-progenitors-ko-myeloid-progenitor-rep2> |
|               <http://bloodprogram.hsci.harvard.edu/bioassay/myeloid-progenitors-ko-myeloid-progenitor-rep3> |
|                                       <http://bloodprogram.hsci.harvard.edu/bioassay/lt-hscs-wt-lt-hsc-rep2> |
|                                       <http://bloodprogram.hsci.harvard.edu/bioassay/lt-hscs-wt-lt-hsc-rep1> |
|                                             <http://bloodprogram.hsci.harvard.edu/bioassay/mpps-wt-mpp-rep2> |
|                                             <http://bloodprogram.hsci.harvard.edu/bioassay/mpps-wt-mpp-rep1> |
|               <http://bloodprogram.hsci.harvard.edu/bioassay/myeloid-progenitors-wt-myeloid-progenitor-rep3> |
|               <http://bloodprogram.hsci.harvard.edu/bioassay/myeloid-progenitors-wt-myeloid-progenitor-rep2> |
|               <http://bloodprogram.hsci.harvard.edu/bioassay/myeloid-progenitors-wt-myeloid-progenitor-rep1> |
|                                        <http://bloodprogram.hsci.harvard.edu/bioassay/whole-embryo-rep-1-31> |
|                                        <http://bloodprogram.hsci.harvard.edu/bioassay/whole-embryo-rep-2-31> |
|                                        <http://bloodprogram.hsci.harvard.edu/bioassay/whole-embryo-rep-1-32> |
|                                        <http://bloodprogram.hsci.harvard.edu/bioassay/whole-embryo-rep-2-32> |
|                                         <http://bloodprogram.hsci.harvard.edu/bioassay/sorted-cells-rep-1-9> |
|                                         <http://bloodprogram.hsci.harvard.edu/bioassay/sorted-cells-rep-2-9> |
|                                         <http://bloodprogram.hsci.harvard.edu/bioassay/sorted-cells-rep-3-8> |
|                                        <http://bloodprogram.hsci.harvard.edu/bioassay/sorted-cells-rep-2-10> |
|                                        <http://bloodprogram.hsci.harvard.edu/bioassay/sorted-cells-rep-1-10> |
|                                                    <http://bloodprogram.hsci.harvard.edu/bioassay/lks-rep-1> |
|                                                    <http://bloodprogram.hsci.harvard.edu/bioassay/lks-rep-2> |
|                                                    <http://bloodprogram.hsci.harvard.edu/bioassay/lks-rep-3> |
|                                      <http://bloodprogram.hsci.harvard.edu/bioassay/lks-rep-3-wt-p18-colony> |
|                                      <http://bloodprogram.hsci.harvard.edu/bioassay/lks-rep-1-wt-p18-colony> |
|                                      <http://bloodprogram.hsci.harvard.edu/bioassay/lks-rep-2-wt-p18-colony> |
|                                      <http://bloodprogram.hsci.harvard.edu/bioassay/lks-rep-4-wt-p21-colony> |
|                                               <http://bloodprogram.hsci.harvard.edu/bioassay/lt-hsc-rep-1-3> |
|                                               <http://bloodprogram.hsci.harvard.edu/bioassay/lt-hsc-rep-2-3> |
|                                               <http://bloodprogram.hsci.harvard.edu/bioassay/lt-hsc-rep-3-1> |
|                                                 <http://bloodprogram.hsci.harvard.edu/bioassay/lt-hsc-rep-4> |
|                                   <http://bloodprogram.hsci.harvard.edu/bioassay/lt-hsc-rep-2-wt-p21-colony> |
|                                   <http://bloodprogram.hsci.harvard.edu/bioassay/lt-hsc-rep-3-wt-p21-colony> |
|                                   <http://bloodprogram.hsci.harvard.edu/bioassay/lt-hsc-rep-4-wt-p21-colony> |
|                                   <http://bloodprogram.hsci.harvard.edu/bioassay/lt-hsc-rep-5-wt-p21-colony> |
|                                   <http://bloodprogram.hsci.harvard.edu/bioassay/lt-hsc-rep-6-wt-p21-colony> |
|                                   <http://bloodprogram.hsci.harvard.edu/bioassay/lt-hsc-rep-7-wt-p21-colony> |
|                                   <http://bloodprogram.hsci.harvard.edu/bioassay/lt-hsc-rep-8-wt-p18-colony> |
|                                   <http://bloodprogram.hsci.harvard.edu/bioassay/lt-hsc-rep-9-wt-p18-colony> |
|                                  <http://bloodprogram.hsci.harvard.edu/bioassay/lt-hsc-rep-10-wt-p18-colony> |
|                                                  <http://bloodprogram.hsci.harvard.edu/bioassay/lks-rep-1-0> |
|                                                  <http://bloodprogram.hsci.harvard.edu/bioassay/lks-rep-2-0> |
|                                                  <http://bloodprogram.hsci.harvard.edu/bioassay/lks-rep-3-0> |
|                                               <http://bloodprogram.hsci.harvard.edu/bioassay/lt-hsc-rep-1-4> |
|                                               <http://bloodprogram.hsci.harvard.edu/bioassay/lt-hsc-rep-2-4> |
|                                   <http://bloodprogram.hsci.harvard.edu/bioassay/st-hsc-rep-4-wt-p21-colony> |
|                                   <http://bloodprogram.hsci.harvard.edu/bioassay/st-hsc-rep-5-wt-p21-colony> |
|                                   <http://bloodprogram.hsci.harvard.edu/bioassay/st-hsc-rep-6-wt-p21-colony> |
|                                   <http://bloodprogram.hsci.harvard.edu/bioassay/st-hsc-rep-1-wt-p18-colony> |
|                                               <http://bloodprogram.hsci.harvard.edu/bioassay/lt-hsc-rep-1-5> |
|                                               <http://bloodprogram.hsci.harvard.edu/bioassay/lt-hsc-rep-2-5> |
|                                               <http://bloodprogram.hsci.harvard.edu/bioassay/lt-hsc-rep-3-2> |
|                                               <http://bloodprogram.hsci.harvard.edu/bioassay/st-hsc-rep-3-0> |
|                                               <http://bloodprogram.hsci.harvard.edu/bioassay/st-hsc-rep-2-1> |
|                                               <http://bloodprogram.hsci.harvard.edu/bioassay/st-hsc-rep-1-1> |
|                                                  <http://bloodprogram.hsci.harvard.edu/bioassay/mpp-rep-1-0> |
|                                                  <http://bloodprogram.hsci.harvard.edu/bioassay/mpp-rep-2-0> |
|                                                    <http://bloodprogram.hsci.harvard.edu/bioassay/mpp-rep-3> |
|                          <http://bloodprogram.hsci.harvard.edu/bioassay/lks-stem-and-progenitor-cells-rep-2> |
|                          <http://bloodprogram.hsci.harvard.edu/bioassay/lks-stem-and-progenitor-cells-rep-1> |
|                                                    <http://bloodprogram.hsci.harvard.edu/bioassay/sca-rep-2> |
|                                                    <http://bloodprogram.hsci.harvard.edu/bioassay/sca-rep-1> |
|                                                    <http://bloodprogram.hsci.harvard.edu/bioassay/kit-rep-2> |
|                                                    <http://bloodprogram.hsci.harvard.edu/bioassay/kit-rep-1> |
|                      <http://bloodprogram.hsci.harvard.edu/bioassay/whole-bone-marrow-red-cells-lysed-rep-2> |
|                      <http://bloodprogram.hsci.harvard.edu/bioassay/whole-bone-marrow-red-cells-lysed-rep-1> |
|                                                    <http://bloodprogram.hsci.harvard.edu/bioassay/lin-rep-2> |
|                                                    <http://bloodprogram.hsci.harvard.edu/bioassay/lin-rep-1> |
|                                        <http://bloodprogram.hsci.harvard.edu/bioassay/whole-embryo-rep-3-20> |
|                                        <http://bloodprogram.hsci.harvard.edu/bioassay/whole-embryo-rep-2-33> |
|                                        <http://bloodprogram.hsci.harvard.edu/bioassay/whole-embryo-rep-1-33> |
|                                        <http://bloodprogram.hsci.harvard.edu/bioassay/whole-embryo-rep-3-21> |
|                                        <http://bloodprogram.hsci.harvard.edu/bioassay/whole-embryo-rep-2-34> |
|                                        <http://bloodprogram.hsci.harvard.edu/bioassay/whole-embryo-rep-1-34> |
|                                               <http://bloodprogram.hsci.harvard.edu/bioassay/lt-hsc-rep-2-6> |
|                                               <http://bloodprogram.hsci.harvard.edu/bioassay/lt-hsc-rep-1-6> |
|                                               <http://bloodprogram.hsci.harvard.edu/bioassay/nk-cells-rep-2> |
|                                               <http://bloodprogram.hsci.harvard.edu/bioassay/nk-cells-rep-1> |
|                                      <http://bloodprogram.hsci.harvard.edu/bioassay/cd4-naive-t-cells-rep-1> |
|                                      <http://bloodprogram.hsci.harvard.edu/bioassay/cd4-naive-t-cells-rep-2> |
|                                     <http://bloodprogram.hsci.harvard.edu/bioassay/cd48-naive-t-cells-rep-2> |
|                                     <http://bloodprogram.hsci.harvard.edu/bioassay/cd48-naive-t-cells-rep-1> |
|                                  <http://bloodprogram.hsci.harvard.edu/bioassay/cd4-activated-t-cells-rep-2> |
|                                  <http://bloodprogram.hsci.harvard.edu/bioassay/cd4-activated-t-cells-rep-1> |
|                                  <http://bloodprogram.hsci.harvard.edu/bioassay/cd8-activated-t-cells-rep-1> |
|                                  <http://bloodprogram.hsci.harvard.edu/bioassay/cd8-activated-t-cells-rep-2> |
|                                                 <http://bloodprogram.hsci.harvard.edu/bioassay/b-cell-rep-2> |
|                                                 <http://bloodprogram.hsci.harvard.edu/bioassay/b-cell-rep-1> |
|                                               <http://bloodprogram.hsci.harvard.edu/bioassay/monocyte-rep-2> |
|                                               <http://bloodprogram.hsci.harvard.edu/bioassay/monocyte-rep-1> |
|                                           <http://bloodprogram.hsci.harvard.edu/bioassay/granulocytes-rep-2> |
|                                           <http://bloodprogram.hsci.harvard.edu/bioassay/granulocytes-rep-1> |
|                                 <http://bloodprogram.hsci.harvard.edu/bioassay/nucleated-erythrocytes-rep-2> |
|                                 <http://bloodprogram.hsci.harvard.edu/bioassay/nucleated-erythrocytes-rep-1> |
|                                                  <http://bloodprogram.hsci.harvard.edu/bioassay/hsc-rep-3-1> |
|                                                  <http://bloodprogram.hsci.harvard.edu/bioassay/hsc-rep-1-1> |
|                                                  <http://bloodprogram.hsci.harvard.edu/bioassay/hsc-rep-2-1> |
|                                                  <http://bloodprogram.hsci.harvard.edu/bioassay/hsc-rep-2-2> |
|                                                  <http://bloodprogram.hsci.harvard.edu/bioassay/hsc-rep-1-2> |
|                                                  <http://bloodprogram.hsci.harvard.edu/bioassay/hsc-rep-3-2> |
|                                                  <http://bloodprogram.hsci.harvard.edu/bioassay/hsc-rep-2-3> |
|                                                  <http://bloodprogram.hsci.harvard.edu/bioassay/hsc-rep-1-3> |
|                                                <http://bloodprogram.hsci.harvard.edu/bioassay/gfp-hsc-rep-1> |
|                                                <http://bloodprogram.hsci.harvard.edu/bioassay/gfp-hsc-rep-2> |
|                                                <http://bloodprogram.hsci.harvard.edu/bioassay/gfp-hsc-rep-3> |
|                                              <http://bloodprogram.hsci.harvard.edu/bioassay/gfp-hsc-rep-3-0> |
|                                              <http://bloodprogram.hsci.harvard.edu/bioassay/gfp-hsc-rep-2-0> |
|                                              <http://bloodprogram.hsci.harvard.edu/bioassay/gfp-hsc-rep-1-0> |
|                                  <http://bloodprogram.hsci.harvard.edu/bioassay/normal-bm-neutrophils-rep-3> |
|                                  <http://bloodprogram.hsci.harvard.edu/bioassay/normal-bm-neutrophils-rep-1> |
|                                  <http://bloodprogram.hsci.harvard.edu/bioassay/normal-bm-neutrophils-rep-2> |
|                             <http://bloodprogram.hsci.harvard.edu/bioassay/normal-bm-myeloblasts-mac1-rep-3> |
|                             <http://bloodprogram.hsci.harvard.edu/bioassay/normal-bm-myeloblasts-mac1-rep-2> |
|                             <http://bloodprogram.hsci.harvard.edu/bioassay/normal-bm-myeloblasts-mac1-rep-1> |
|                           <http://bloodprogram.hsci.harvard.edu/bioassay/normal-bm-myeloblasts-mac1-rep-3-0> |
|                           <http://bloodprogram.hsci.harvard.edu/bioassay/normal-bm-myeloblasts-mac1-rep-1-0> |
|                           <http://bloodprogram.hsci.harvard.edu/bioassay/normal-bm-myeloblasts-mac1-rep-2-0> |
|                                        <http://bloodprogram.hsci.harvard.edu/bioassay/med-macrophages-rep-1> |
|                                        <http://bloodprogram.hsci.harvard.edu/bioassay/med-macrophages-rep-3> |
|                                        <http://bloodprogram.hsci.harvard.edu/bioassay/med-macrophages-rep-2> |
|                                        <http://bloodprogram.hsci.harvard.edu/bioassay/scs-macrophages-rep-1> |
|                                        <http://bloodprogram.hsci.harvard.edu/bioassay/scs-macrophages-rep-2> |
|                                        <http://bloodprogram.hsci.harvard.edu/bioassay/scs-macrophages-rep-3> |
|                                <http://bloodprogram.hsci.harvard.edu/bioassay/whole-lung-embryonic-ko-rep-1> |
|                                <http://bloodprogram.hsci.harvard.edu/bioassay/whole-lung-embryonic-ko-rep-2> |
|                                <http://bloodprogram.hsci.harvard.edu/bioassay/whole-lung-embryonic-ko-rep-3> |
|                                <http://bloodprogram.hsci.harvard.edu/bioassay/whole-lung-embryonic-wt-rep-1> |
|                                <http://bloodprogram.hsci.harvard.edu/bioassay/whole-lung-embryonic-wt-rep-2> |
|                                <http://bloodprogram.hsci.harvard.edu/bioassay/whole-lung-embryonic-wt-rep-3> |
|                                          <http://bloodprogram.hsci.harvard.edu/bioassay/k562-cell-line-rep1> |
|                                          <http://bloodprogram.hsci.harvard.edu/bioassay/k562-cell-line-rep2> |
|                                         <http://bloodprogram.hsci.harvard.edu/bioassay/k562-cell-line-rep-3> |
|                                          <http://bloodprogram.hsci.harvard.edu/bioassay/k562-cell-line-rep4> |
|                                        <http://bloodprogram.hsci.harvard.edu/bioassay/k562-cell-line-rep2-0> |
|                                        <http://bloodprogram.hsci.harvard.edu/bioassay/k562-cell-line-rep1-0> |
|                                          <http://bloodprogram.hsci.harvard.edu/bioassay/k562-cell-line-rep3> |
|                                        <http://bloodprogram.hsci.harvard.edu/bioassay/k562-cell-line-rep4-0> |
|                                        <http://bloodprogram.hsci.harvard.edu/bioassay/k562-cell-line-rep1-1> |
|                                        <http://bloodprogram.hsci.harvard.edu/bioassay/k562-cell-line-rep2-1> |
|                                        <http://bloodprogram.hsci.harvard.edu/bioassay/k562-cell-line-rep3-0> |
|                                        <http://bloodprogram.hsci.harvard.edu/bioassay/k562-cell-line-rep4-1> |
|                                        <http://bloodprogram.hsci.harvard.edu/bioassay/k562-cell-line-rep1-2> |
|                                        <http://bloodprogram.hsci.harvard.edu/bioassay/k562-cell-line-rep2-2> |
|                                        <http://bloodprogram.hsci.harvard.edu/bioassay/k562-cell-line-rep3-1> |
|                                        <http://bloodprogram.hsci.harvard.edu/bioassay/k562-cell-line-rep4-2> |
|                                        <http://bloodprogram.hsci.harvard.edu/bioassay/k562-cell-line-rep1-3> |
|                                        <http://bloodprogram.hsci.harvard.edu/bioassay/k562-cell-line-rep2-3> |
|                                        <http://bloodprogram.hsci.harvard.edu/bioassay/k562-cell-line-rep1-4> |
|                                        <http://bloodprogram.hsci.harvard.edu/bioassay/k562-cell-line-rep2-4> |
|                                        <http://bloodprogram.hsci.harvard.edu/bioassay/whole-embryo-rep-2-35> |
|                                        <http://bloodprogram.hsci.harvard.edu/bioassay/whole-embryo-rep-1-35> |
|                                        <http://bloodprogram.hsci.harvard.edu/bioassay/whole-embryo-rep-2-36> |
|                                        <http://bloodprogram.hsci.harvard.edu/bioassay/whole-embryo-rep-1-36> |
|                                        <http://bloodprogram.hsci.harvard.edu/bioassay/sorted-cells-rep-2-11> |
|                                         <http://bloodprogram.hsci.harvard.edu/bioassay/sorted-cells-rep-3-9> |
|                                        <http://bloodprogram.hsci.harvard.edu/bioassay/sorted-cells-rep-1-11> |
|                                        <http://bloodprogram.hsci.harvard.edu/bioassay/sorted-cells-rep-2-12> |
|                                        <http://bloodprogram.hsci.harvard.edu/bioassay/sorted-cells-rep-1-12> |
|                                        <http://bloodprogram.hsci.harvard.edu/bioassay/sorted-cells-rep-3-10> |
|                                        <http://bloodprogram.hsci.harvard.edu/bioassay/sorted-cells-rep-1-13> |
|                                        <http://bloodprogram.hsci.harvard.edu/bioassay/sorted-cells-rep-2-13> |
|                                        <http://bloodprogram.hsci.harvard.edu/bioassay/sorted-cells-rep-1-14> |
|                                        <http://bloodprogram.hsci.harvard.edu/bioassay/sorted-cells-rep-2-14> |
|                                        <http://bloodprogram.hsci.harvard.edu/bioassay/sorted-cells-rep-2-15> |
|                                        <http://bloodprogram.hsci.harvard.edu/bioassay/sorted-cells-rep-1-15> |
|                                        <http://bloodprogram.hsci.harvard.edu/bioassay/sorted-cells-rep-2-16> |
|                                        <http://bloodprogram.hsci.harvard.edu/bioassay/sorted-cells-rep-1-16> |
|                                           <http://bloodprogram.hsci.harvard.edu/bioassay/whole-embryo-rep-7> |
|                                           <http://bloodprogram.hsci.harvard.edu/bioassay/whole-embryo-rep-6> |
|                                           <http://bloodprogram.hsci.harvard.edu/bioassay/whole-embryo-rep-5> |
|                                           <http://bloodprogram.hsci.harvard.edu/bioassay/whole-embryo-rep-4> |
|                                        <http://bloodprogram.hsci.harvard.edu/bioassay/whole-embryo-rep-3-22> |
|                                        <http://bloodprogram.hsci.harvard.edu/bioassay/whole-embryo-rep-2-37> |
|                                        <http://bloodprogram.hsci.harvard.edu/bioassay/whole-embryo-rep-1-37> |
|                                        <http://bloodprogram.hsci.harvard.edu/bioassay/whole-embryo-rep-1-38> |
|                                         <http://bloodprogram.hsci.harvard.edu/bioassay/whole-embryo-rep-7-0> |
|                                         <http://bloodprogram.hsci.harvard.edu/bioassay/whole-embryo-rep-6-0> |
|                                         <http://bloodprogram.hsci.harvard.edu/bioassay/whole-embryo-rep-5-0> |
|                                         <http://bloodprogram.hsci.harvard.edu/bioassay/whole-embryo-rep-4-0> |
|                                        <http://bloodprogram.hsci.harvard.edu/bioassay/whole-embryo-rep-3-23> |
|                                        <http://bloodprogram.hsci.harvard.edu/bioassay/whole-embryo-rep-2-38> |
|                                                  <http://bloodprogram.hsci.harvard.edu/bioassay/hsc-rep-1-4> |
|                                                  <http://bloodprogram.hsci.harvard.edu/bioassay/hsc-rep-2-4> |
|                                                  <http://bloodprogram.hsci.harvard.edu/bioassay/hsc-rep-3-3> |
|                                                  <http://bloodprogram.hsci.harvard.edu/bioassay/hsc-rep-3-4> |
|                                                  <http://bloodprogram.hsci.harvard.edu/bioassay/hsc-rep-1-5> |
|                                                  <http://bloodprogram.hsci.harvard.edu/bioassay/hsc-rep-2-5> |
|                                          <http://bloodprogram.hsci.harvard.edu/bioassay/lsk-gfpneg-lo-rep-3> |
|                                          <http://bloodprogram.hsci.harvard.edu/bioassay/lsk-gfpneg-lo-rep-2> |
|                                          <http://bloodprogram.hsci.harvard.edu/bioassay/lsk-gfpneg-lo-rep-1> |
|                                              <http://bloodprogram.hsci.harvard.edu/bioassay/lsk-gfphi-rep-3> |
|                                              <http://bloodprogram.hsci.harvard.edu/bioassay/lsk-gfphi-rep-2> |
|                                              <http://bloodprogram.hsci.harvard.edu/bioassay/lsk-gfphi-rep-1> |
|                                              <http://bloodprogram.hsci.harvard.edu/bioassay/lk-gfpneg-rep-3> |
|                                              <http://bloodprogram.hsci.harvard.edu/bioassay/lk-gfpneg-rep-2> |
|                                              <http://bloodprogram.hsci.harvard.edu/bioassay/lk-gfpneg-rep-1> |
|                                               <http://bloodprogram.hsci.harvard.edu/bioassay/lk-gfphi-rep-3> |
|                                               <http://bloodprogram.hsci.harvard.edu/bioassay/lk-gfphi-rep-1> |
|                                               <http://bloodprogram.hsci.harvard.edu/bioassay/lk-gfphi-rep-2> |
|                                                   <http://bloodprogram.hsci.harvard.edu/bioassay/prob-rep-3> |
|                                                   <http://bloodprogram.hsci.harvard.edu/bioassay/prob-rep-2> |
|                                                   <http://bloodprogram.hsci.harvard.edu/bioassay/prob-rep-1> |
|                              <http://bloodprogram.hsci.harvard.edu/bioassay/cd4-cd25-t-effector-cells-rep-1> |
|                              <http://bloodprogram.hsci.harvard.edu/bioassay/cd4-cd25-t-effector-cells-rep-3> |
|                              <http://bloodprogram.hsci.harvard.edu/bioassay/cd4-cd25-t-effector-cells-rep-2> |
| <http://bloodprogram.hsci.harvard.edu/bioassay/6-2rbeta-wtthymus-transgenic-cd4-cd25-t-effector-cells-rep-1> |
| <http://bloodprogram.hsci.harvard.edu/bioassay/6-2rbeta-wtthymus-transgenic-cd4-cd25-t-effector-cells-rep-3> |
| <http://bloodprogram.hsci.harvard.edu/bioassay/6-2rbeta-wtthymus-transgenic-cd4-cd25-t-effector-cells-rep-2> |
|                                    <http://bloodprogram.hsci.harvard.edu/bioassay/cd4-cd25-treg-cells-rep-2> |
|                                    <http://bloodprogram.hsci.harvard.edu/bioassay/cd4-cd25-treg-cells-rep-3> |
|                                    <http://bloodprogram.hsci.harvard.edu/bioassay/cd4-cd25-treg-cells-rep-1> |
|       <http://bloodprogram.hsci.harvard.edu/bioassay/6-2rbeta-wtthymus-transgenic-cd4-cd25-treg-cells-rep-3> |
|       <http://bloodprogram.hsci.harvard.edu/bioassay/6-2rbeta-wtthymus-transgenic-cd4-cd25-treg-cells-rep-2> |
|       <http://bloodprogram.hsci.harvard.edu/bioassay/6-2rbeta-wtthymus-transgenic-cd4-cd25-treg-cells-rep-1> |
|                                        <http://bloodprogram.hsci.harvard.edu/bioassay/fetal-liver-ksl-rep-1> |
|                                        <http://bloodprogram.hsci.harvard.edu/bioassay/fetal-liver-ksl-rep-2> |
|                                        <http://bloodprogram.hsci.harvard.edu/bioassay/fetal-liver-ksl-rep-3> |
|                                      <http://bloodprogram.hsci.harvard.edu/bioassay/fetal-liver-ksl-rep-1-0> |
|                                      <http://bloodprogram.hsci.harvard.edu/bioassay/fetal-liver-ksl-rep-2-0> |
|                                      <http://bloodprogram.hsci.harvard.edu/bioassay/fetal-liver-ksl-rep-3-0> |
|                                              <http://bloodprogram.hsci.harvard.edu/bioassay/adult-ksl-rep-1> |
|                                              <http://bloodprogram.hsci.harvard.edu/bioassay/adult-ksl-rep-2> |
|                                              <http://bloodprogram.hsci.harvard.edu/bioassay/adult-ksl-rep-3> |
|                                            <http://bloodprogram.hsci.harvard.edu/bioassay/adult-ksl-rep-1-0> |
|                                            <http://bloodprogram.hsci.harvard.edu/bioassay/adult-ksl-rep-2-0> |
|                                            <http://bloodprogram.hsci.harvard.edu/bioassay/adult-ksl-rep-3-0> |
|                                                 <http://bloodprogram.hsci.harvard.edu/bioassay/gmp-wt-gmp-1> |
|                                                 <http://bloodprogram.hsci.harvard.edu/bioassay/gmp-wt-gmp-3> |
|                                                 <http://bloodprogram.hsci.harvard.edu/bioassay/gmp-wt-gmp-2> |
|                                                    <http://bloodprogram.hsci.harvard.edu/bioassay/gmp-rep-1> |
|                                                    <http://bloodprogram.hsci.harvard.edu/bioassay/gmp-rep-2> |
|                                                    <http://bloodprogram.hsci.harvard.edu/bioassay/gmp-rep-3> |
|                                               <http://bloodprogram.hsci.harvard.edu/bioassay/st-hsc-rep-1-2> |
|                                               <http://bloodprogram.hsci.harvard.edu/bioassay/st-hsc-rep-2-2> |
|                                               <http://bloodprogram.hsci.harvard.edu/bioassay/st-hsc-rep-3-1> |
|                                               <http://bloodprogram.hsci.harvard.edu/bioassay/st-hsc-rep-1-3> |
|                                               <http://bloodprogram.hsci.harvard.edu/bioassay/st-hsc-rep-2-3> |
|                                               <http://bloodprogram.hsci.harvard.edu/bioassay/st-hsc-rep-3-2> |
|                                        <http://bloodprogram.hsci.harvard.edu/bioassay/whole-embryo-rep-3-24> |
|                                        <http://bloodprogram.hsci.harvard.edu/bioassay/whole-embryo-rep-2-39> |
|                                        <http://bloodprogram.hsci.harvard.edu/bioassay/whole-embryo-rep-1-39> |
|                                        <http://bloodprogram.hsci.harvard.edu/bioassay/whole-embryo-rep-3-25> |
|                                        <http://bloodprogram.hsci.harvard.edu/bioassay/whole-embryo-rep-2-40> |
|                                        <http://bloodprogram.hsci.harvard.edu/bioassay/whole-embryo-rep-1-40> |
|                                        <http://bloodprogram.hsci.harvard.edu/bioassay/whole-embryo-rep-3-26> |
|                                        <http://bloodprogram.hsci.harvard.edu/bioassay/whole-embryo-rep-2-41> |
|                                        <http://bloodprogram.hsci.harvard.edu/bioassay/whole-embryo-rep-1-41> |
|                                        <http://bloodprogram.hsci.harvard.edu/bioassay/whole-embryo-rep-3-27> |
|                                        <http://bloodprogram.hsci.harvard.edu/bioassay/whole-embryo-rep-2-42> |
|                                        <http://bloodprogram.hsci.harvard.edu/bioassay/whole-embryo-rep-1-42> |
|                                        <http://bloodprogram.hsci.harvard.edu/bioassay/whole-embryo-rep-3-28> |
|                                        <http://bloodprogram.hsci.harvard.edu/bioassay/whole-embryo-rep-2-43> |
|                                        <http://bloodprogram.hsci.harvard.edu/bioassay/whole-embryo-rep-1-43> |
|                                        <http://bloodprogram.hsci.harvard.edu/bioassay/whole-embryo-rep-3-29> |
|                                        <http://bloodprogram.hsci.harvard.edu/bioassay/whole-embryo-rep-2-44> |
|                                        <http://bloodprogram.hsci.harvard.edu/bioassay/whole-embryo-rep-1-44> |
|                                        <http://bloodprogram.hsci.harvard.edu/bioassay/whole-embryo-rep-3-30> |
|                                        <http://bloodprogram.hsci.harvard.edu/bioassay/whole-embryo-rep-2-45> |
|                                        <http://bloodprogram.hsci.harvard.edu/bioassay/whole-embryo-rep-1-45> |
|                                        <http://bloodprogram.hsci.harvard.edu/bioassay/whole-embryo-rep-3-31> |
|                                        <http://bloodprogram.hsci.harvard.edu/bioassay/whole-embryo-rep-2-46> |
|                                        <http://bloodprogram.hsci.harvard.edu/bioassay/whole-embryo-rep-1-46> |
|                                           <http://bloodprogram.hsci.harvard.edu/bioassay/naive-b-cell-rep-3> |
|                                           <http://bloodprogram.hsci.harvard.edu/bioassay/naive-b-cell-rep-2> |
|                                           <http://bloodprogram.hsci.harvard.edu/bioassay/naive-b-cell-rep-1> |
|                                                 <http://bloodprogram.hsci.harvard.edu/bioassay/plasma-rep-3> |
|                                                 <http://bloodprogram.hsci.harvard.edu/bioassay/plasma-rep-1> |
|                                                 <http://bloodprogram.hsci.harvard.edu/bioassay/plasma-rep-4> |
|                                                 <http://bloodprogram.hsci.harvard.edu/bioassay/plasma-rep-2> |
|                                        <http://bloodprogram.hsci.harvard.edu/bioassay/germinal-center-rep-3> |
|                                        <http://bloodprogram.hsci.harvard.edu/bioassay/germinal-center-rep-1> |
|                                        <http://bloodprogram.hsci.harvard.edu/bioassay/germinal-center-rep-2> |
|                                          <http://bloodprogram.hsci.harvard.edu/bioassay/memory-b-cell-rep-3> |
|                                          <http://bloodprogram.hsci.harvard.edu/bioassay/memory-b-cell-rep-4> |
|                                          <http://bloodprogram.hsci.harvard.edu/bioassay/memory-b-cell-rep-1> |
|                                          <http://bloodprogram.hsci.harvard.edu/bioassay/memory-b-cell-rep-2> |
|                                   <http://bloodprogram.hsci.harvard.edu/bioassay/wild-type-mouse-pdcs-rep-2> |
|                                   <http://bloodprogram.hsci.harvard.edu/bioassay/wild-type-mouse-pdcs-rep-1> |
|                                <http://bloodprogram.hsci.harvard.edu/bioassay/heterozygous-mouse-pdcs-rep-2> |
|                                <http://bloodprogram.hsci.harvard.edu/bioassay/heterozygous-mouse-pdcs-rep-1> |
|              <http://bloodprogram.hsci.harvard.edu/bioassay/sall4b-transgenic-gmps-sall4b-transgenic-gmps-1> |
|              <http://bloodprogram.hsci.harvard.edu/bioassay/sall4b-transgenic-gmps-sall4b-transgenic-gmps-2> |
|              <http://bloodprogram.hsci.harvard.edu/bioassay/sall4b-transgenic-gmps-sall4b-transgenic-gmps-3> |
|              <http://bloodprogram.hsci.harvard.edu/bioassay/sall4b-transplant-gmps-sall4b-transplant-gmps-1> |
|              <http://bloodprogram.hsci.harvard.edu/bioassay/sall4b-transplant-gmps-sall4b-transplant-gmps-2> |
|              <http://bloodprogram.hsci.harvard.edu/bioassay/sall4b-transplant-gmps-sall4b-transplant-gmps-3> |
|                                     <http://bloodprogram.hsci.harvard.edu/bioassay/wild-type-gmps-wt-gmps-1> |
|                                     <http://bloodprogram.hsci.harvard.edu/bioassay/wild-type-gmps-wt-gmps-2> |
|                                     <http://bloodprogram.hsci.harvard.edu/bioassay/wild-type-gmps-wt-gmps-3> |
|                                        <http://bloodprogram.hsci.harvard.edu/bioassay/scid-gmps-scid-gmps-1> |
|                                        <http://bloodprogram.hsci.harvard.edu/bioassay/scid-gmps-scid-gmps-2> |
|                                        <http://bloodprogram.hsci.harvard.edu/bioassay/scid-gmps-scid-gmps-3> |
|                                        <http://bloodprogram.hsci.harvard.edu/bioassay/whole-embryo-rep-1-47> |
|                                        <http://bloodprogram.hsci.harvard.edu/bioassay/whole-embryo-rep-2-47> |
|                                        <http://bloodprogram.hsci.harvard.edu/bioassay/whole-embryo-rep-3-32> |
|                                        <http://bloodprogram.hsci.harvard.edu/bioassay/whole-embryo-rep-3-33> |
|                                        <http://bloodprogram.hsci.harvard.edu/bioassay/whole-embryo-rep-2-48> |
|                                        <http://bloodprogram.hsci.harvard.edu/bioassay/whole-embryo-rep-1-48> |
|                                        <http://bloodprogram.hsci.harvard.edu/bioassay/whole-embryo-rep-3-34> |
|                                        <http://bloodprogram.hsci.harvard.edu/bioassay/whole-embryo-rep-2-49> |
|                                        <http://bloodprogram.hsci.harvard.edu/bioassay/whole-embryo-rep-1-49> |
|                                        <http://bloodprogram.hsci.harvard.edu/bioassay/whole-embryo-rep-3-35> |
|                                        <http://bloodprogram.hsci.harvard.edu/bioassay/whole-embryo-rep-2-50> |
|                                        <http://bloodprogram.hsci.harvard.edu/bioassay/whole-embryo-rep-1-50> |
|                                        <http://bloodprogram.hsci.harvard.edu/bioassay/whole-embryo-rep-3-36> |
|                                        <http://bloodprogram.hsci.harvard.edu/bioassay/whole-embryo-rep-2-51> |
|                                        <http://bloodprogram.hsci.harvard.edu/bioassay/whole-embryo-rep-1-51> |
|                                             <http://purl.org/net/biordfmicroarray/ns#microarray_experiment1> |
|                                             <http://purl.org/net/biordfmicroarray/ns#microarray_experiment2> |
|                                             <http://purl.org/net/biordfmicroarray/ns#microarray_experiment3> |
+--------------------------------------------------------------------------------------------------------------+
